<?xml version="1.0" encoding="UTF-8"?>
<!-- Generated by org.testng.reporters.JUnitXMLReporter -->
<testsuite ignored="0" hostname="Madhavi" failures="0" tests="5" name="Default test" time="2.192" errors="0" timestamp="2021-09-24T00:08:14 EDT">
  <testcase classname="testcases.VideoGameAPI" name="test_getAllVideoGame" time="1.262"/>
  <testcase classname="testcases.VideoGameAPI" name="test_addnewVideoGame" time="0.311"/>
  <testcase classname="testcases.VideoGameAPI" name="test_getVideoGame" time="0.461"/>
  <testcase classname="testcases.VideoGameAPI" name="test_updatenewVideoGame" time="0.099"/>
  <testcase classname="testcases.VideoGameAPI" name="test_deletenewVideoGame" time="0.017"/>
</testsuite> <!-- Default test -->
