<?xml version="1.0" encoding="UTF-8"?>
<!-- Generated by org.testng.reporters.JUnitXMLReporter -->
<testsuite ignored="0" hostname="Madhavi" failures="0" tests="5" name="Test" time="2.736" errors="0" timestamp="2021-09-24T00:14:57 EDT">
  <testcase classname="testcases.VideoGameAPI" name="test_getAllVideoGame" time="1.69"/>
  <testcase classname="testcases.VideoGameAPI" name="test_addnewVideoGame" time="0.403"/>
  <testcase classname="testcases.VideoGameAPI" name="test_getVideoGame" time="0.474"/>
  <testcase classname="testcases.VideoGameAPI" name="test_updatenewVideoGame" time="0.104"/>
  <testcase classname="testcases.VideoGameAPI" name="test_deletenewVideoGame" time="0.021"/>
</testsuite> <!-- Test -->
