<?xml version="1.0" encoding="UTF-8"?>
<testng-results ignored="0" total="5" passed="5" failed="0" skipped="0">
  <reporter-output>
  </reporter-output>
  <suite started-at="2021-09-24T00:14:54 EDT" name="Suite" finished-at="2021-09-24T00:14:57 EDT" duration-ms="2736">
    <groups>
    </groups>
    <test started-at="2021-09-24T00:14:54 EDT" name="Test" finished-at="2021-09-24T00:14:57 EDT" duration-ms="2736">
      <class name="testcases.VideoGameAPI">
        <test-method signature="test_getAllVideoGame()[pri:1, instance:testcases.VideoGameAPI@49dc7102]" started-at="2021-09-24T00:14:54 EDT" name="test_getAllVideoGame" finished-at="2021-09-24T00:14:56 EDT" duration-ms="1690" status="PASS">
          <reporter-output>
          </reporter-output>
        </test-method> <!-- test_getAllVideoGame -->
        <test-method signature="test_addnewVideoGame()[pri:2, instance:testcases.VideoGameAPI@49dc7102]" started-at="2021-09-24T00:14:56 EDT" name="test_addnewVideoGame" finished-at="2021-09-24T00:14:57 EDT" duration-ms="403" status="PASS">
          <reporter-output>
          </reporter-output>
        </test-method> <!-- test_addnewVideoGame -->
        <test-method signature="test_getVideoGame()[pri:3, instance:testcases.VideoGameAPI@49dc7102]" started-at="2021-09-24T00:14:57 EDT" name="test_getVideoGame" finished-at="2021-09-24T00:14:57 EDT" duration-ms="474" status="PASS">
          <reporter-output>
          </reporter-output>
        </test-method> <!-- test_getVideoGame -->
        <test-method signature="test_updatenewVideoGame()[pri:4, instance:testcases.VideoGameAPI@49dc7102]" started-at="2021-09-24T00:14:57 EDT" name="test_updatenewVideoGame" finished-at="2021-09-24T00:14:57 EDT" duration-ms="104" status="PASS">
          <reporter-output>
          </reporter-output>
        </test-method> <!-- test_updatenewVideoGame -->
        <test-method signature="test_deletenewVideoGame()[pri:5, instance:testcases.VideoGameAPI@49dc7102]" started-at="2021-09-24T00:14:57 EDT" name="test_deletenewVideoGame" finished-at="2021-09-24T00:14:57 EDT" duration-ms="21" status="PASS">
          <reporter-output>
          </reporter-output>
        </test-method> <!-- test_deletenewVideoGame -->
      </class> <!-- testcases.VideoGameAPI -->
    </test> <!-- Test -->
  </suite> <!-- Suite -->
</testng-results>
